<?xml version="1.0" encoding="UTF-8"?>
<!-- Generated by org.testng.reporters.JUnitReportReporter -->
<testsuite hostname="Prince-EPAM" failures="0" tests="2" name="runners.SmokeRunner" time="18.885" errors="0" timestamp="2022-07-07T00:21:37 IST" skipped="0">
  <testcase classname="runners.SmokeRunner" name="runScenario" time="10.033"/>
  <system-out/>
  <testcase classname="runners.SmokeRunner" name="runScenario" time="8.852"/>
  <system-out/>
</testsuite> <!-- runners.SmokeRunner -->
